<?xml version="1.0" encoding="UTF-8"?>
<!-- Generated by org.testng.reporters.JUnitReportReporter -->
<testsuite hostname="DESKTOP-CFS2EAU" failures="0" tests="1" name="tcRepo.Test_002" time="153.951" errors="0" timestamp="2025-04-03T12:49:05 IST" skipped="0">
  <testcase classname="tcRepo.Test_002" name="leads_002" time="153.951"/>
  <system-out/>
</testsuite> <!-- tcRepo.Test_002 -->
