<?xml version="1.0" encoding="UTF-8"?>
<!-- Generated by org.testng.reporters.JUnitReportReporter -->
<testsuite hostname="DESKTOP-CFS2EAU" failures="0" tests="2" name="tcRepo.TC_002" time="66.344" errors="0" timestamp="2025-02-01T23:45:54 IST" skipped="0">
  <testcase classname="tcRepo.TC_002" name="leads_002" time="34.109"/>
  <system-out/>
  <testcase classname="tcRepo.TC_002" name="leads_002" time="32.235"/>
  <system-out/>
</testsuite> <!-- tcRepo.TC_002 -->
