<?xml version="1.0" encoding="UTF-8"?>
<!-- Generated by org.testng.reporters.JUnitReportReporter -->
<testsuite hostname="DESKTOP-CFS2EAU" failures="0" tests="1" name="tcRepo.Test_007" time="154.812" errors="0" timestamp="2025-04-03T12:49:05 IST" skipped="0">
  <testcase classname="tcRepo.Test_007" name="createOrg" time="154.812"/>
  <system-out>
    <![CDATA[Validated True]]>
  </system-out>
</testsuite> <!-- tcRepo.Test_007 -->
