<?xml version="1.0" encoding="UTF-8"?>
<!-- Generated by org.testng.reporters.JUnitReportReporter -->
<testsuite hostname="DESKTOP-CFS2EAU" failures="0" tests="1" name="tcRepo.Test_003" time="143.557" errors="0" timestamp="2025-04-03T12:49:05 IST" skipped="0">
  <testcase classname="tcRepo.Test_003" name="leads_003" time="143.557"/>
  <system-out/>
</testsuite> <!-- tcRepo.Test_003 -->
