<?xml version="1.0" encoding="UTF-8"?>
<!-- Generated by org.testng.reporters.JUnitReportReporter -->
<testsuite hostname="DESKTOP-CFS2EAU" failures="0" tests="2" name="tcRepo.TC_001" time="71.374" errors="0" timestamp="2025-02-01T23:45:54 IST" skipped="0">
  <testcase classname="tcRepo.TC_001" name="leads_001" time="32.112"/>
  <system-out/>
  <testcase classname="tcRepo.TC_001" name="leads_001" time="39.262"/>
  <system-out/>
</testsuite> <!-- tcRepo.TC_001 -->
